Add Component: Footprint Not Found CAP_100nF
Add Component: Footprint Not Found CAP_4.7uF
Add Component: Footprint Not Found CAP_100nF
Add Component: Footprint Not Found CAP_10uF
Add Component: Footprint Not Found CAP_10uF
Add Component: Footprint Not Found CAP_22uF
Add Component: Footprint Not Found CAP_10uF
Add Component: Footprint Not Found CAP_10uF
Add Component: Footprint Not Found CAP_22uF
Add Component: Footprint Not Found CAP_10uF
Add Component: Footprint Not Found CAP_10uF
Add Component: Footprint Not Found CAP_22uF
Add Component: Footprint Not Found CAP_10uF
Add Component: Footprint Not Found CAP_10uF
Add Component: Footprint Not Found CAP_10uF
Add Component: Footprint Not Found CAP_0402
Add Component: Footprint Not Found CAP_100nF
Add Component: Footprint Not Found CAP_0402
Add Component: Footprint Not Found CAP_22uF
Add Component: Footprint Not Found CAP_22uF
Add Component: Footprint Not Found CAP_22uF
Add Component: Footprint Not Found CAP_22uF
Add Component: Footprint Not Found CAP_22uF
Add Component: Footprint Not Found CAP_100nF
Add Component: Footprint Not Found CAP_TH_5mmP
Add Component: Footprint Not Found CAP_100nF
Add Component: Footprint Not Found CAPC1005X55N
Add Component: Footprint Not Found DIO_BZT52C12S_RRG
Add Component: Footprint Not Found SMCJ14A
Add Component: Footprint Not Found SMCJ14A
Add Component: Footprint Not Found FP-0451-MFG
Add Component: Footprint Not Found XT60PW-M
Add Component: Footprint Not Found XT60PW-M
Add Component: Footprint Not Found XT30PW-F
Add Component: Footprint Not Found JST_GH_V6
Added Component: Designator=J5(FP-SM02B-GHS-TB_LF_SN-MFG)
Add component (AddParameter): Name = "Color"; Value = "Natural"; VariantName = "[No Variations]"
Add component (AddParameter): Name = "Connector Type"; Value = "Outer Shroud Contact"; VariantName = "[No Variations]"
Add component (AddParameter): Name = "Contact Material"; Value = "Bronze"; VariantName = "[No Variations]"
Add component (AddParameter): Name = "Contact Plating"; Value = "Tin"; VariantName = "[No Variations]"
Add component (AddParameter): Name = "Contact Type"; Value = "Male Pin"; VariantName = "[No Variations]"
Add component (AddParameter): Name = "Current Rating"; Value = "1A"; VariantName = "[No Variations]"
Add component (AddParameter): Name = "Datasheet Link"; Value = "https://www.lcsc.com/datasheet/C189893.pdf"; VariantName = "[No Variations]"
Add component (AddParameter): Name = "Fastening Type"; Value = "Latch"; VariantName = "[No Variations]"
Add component (AddParameter): Name = "Housing Color"; Value = "Natural"; VariantName = "[No Variations]"
Add component (AddParameter): Name = "Housing Material"; Value = "Nylon"; VariantName = "[No Variations]"
Add component (AddParameter): Name = "Lead Free"; Value = "Lead Free"; VariantName = "[No Variations]"
Add component (AddParameter): Name = "Manufacturer"; Value = "JST"; VariantName = "[No Variations]"
Add component (AddParameter): Name = "Manufacturer Part Number"; Value = "SM02B-GHS-TB(LF)(SN)"; VariantName = "[No Variations]"
Add component (AddParameter): Name = "Mount"; Value = "Surface Mount"; VariantName = "[No Variations]"
Add component (AddParameter): Name = "Number of Contacts"; Value = "2"; VariantName = "[No Variations]"
Add component (AddParameter): Name = "Number of Positions"; Value = "2"; VariantName = "[No Variations]"
Add component (AddParameter): Name = "Number of Rows"; Value = "1"; VariantName = "[No Variations]"
Add component (AddParameter): Name = "Orientation"; Value = "Right Angle"; VariantName = "[No Variations]"
Add component (AddParameter): Name = "Package Quantity"; Value = "2500"; VariantName = "[No Variations]"
Add component (AddParameter): Name = "Packaging"; Value = "Tape and Reel"; VariantName = "[No Variations]"
Add component (AddParameter): Name = "Pitch"; Value = "0.049inch"; VariantName = "[No Variations]"
Add component (AddParameter): Name = "Series"; Value = "GH"; VariantName = "[No Variations]"
Add component (AddParameter): Name = "Supplier"; Value = "LCSC"; VariantName = "[No Variations]"
Add component (AddParameter): Name = "Supplier Part Number"; Value = "C189893"; VariantName = "[No Variations]"
Add component (AddParameter): Name = "Termination"; Value = "Solder"; VariantName = "[No Variations]"
Add component (AddParameter): Name = "Voltage Rating"; Value = "50V"; VariantName = "[No Variations]"
Added Component: Designator=J6(MOTOR_PWR_UNIV_FOOTPRINT)
Add Component: Footprint Not Found 12.3x12.3 - duplicate
Added Component: Designator=L2(inductor5.6uH)
Add component (AddParameter): Name = "ComponentLink1Description"; Value = "datasheet"; VariantName = "[No Variations]"
Add component (AddParameter): Name = "ComponentLink1URL"; Value = "https://www.lcsc.com/datasheet/C5127460.pdf"; VariantName = "[No Variations]"
Add component (AddParameter): Name = "manufacturer"; Value = "LanTu Micro"; VariantName = "[No Variations]"
Add component (AddParameter): Name = "manufacturer part number"; Value = "SMS1050-5R6MT"; VariantName = "[No Variations]"
Add component (AddParameter): Name = "supplier"; Value = "LCSC"; VariantName = "[No Variations]"
Add component (AddParameter): Name = "Supplier part number"; Value = "C5127460"; VariantName = "[No Variations]"
Add Component: Footprint Not Found AO4407A
Add Component: Footprint Not Found RESC1005X37N
Add Component: Footprint Not Found RES_SMD_0402
Add Component: Footprint Not Found RES_SMD_0402
Add Component: Footprint Not Found RES_3.9K
Add Component: Footprint Not Found RES_30K
Added Component: Designator=R6(RES_SMD_0603)
Add component (AddParameter): Name = "ComponentLink1Description"; Value = "datasheet"; VariantName = "[No Variations]"
Add component (AddParameter): Name = "ComponentLink1URL"; Value = "https://www.lcsc.com/product-detail/C105588.html?s_z=n_resistance%2520100%2520ohm"; VariantName = "[No Variations]"
Add Component: Footprint Not Found RES_SMD_0603
Added Component: Designator=R8(RES_SMD_0603)
Add component (AddParameter): Name = "ComponentLink1Description"; Value = "datasheet"; VariantName = "[No Variations]"
Add component (AddParameter): Name = "ComponentLink1URL"; Value = "https://www.lcsc.com/product-detail/C105588.html?s_z=n_resistance%2520100%2520ohm"; VariantName = "[No Variations]"
Add Component: Footprint Not Found RES_SMD_0603
Added Component: Designator=R10(RES_SMD_0603)
Add component (AddParameter): Name = "ComponentLink1Description"; Value = "datasheet"; VariantName = "[No Variations]"
Add component (AddParameter): Name = "ComponentLink1URL"; Value = "https://www.lcsc.com/product-detail/C105588.html?s_z=n_resistance%2520100%2520ohm"; VariantName = "[No Variations]"
Add Component: Footprint Not Found RES_SMD_0603
Add Component: Footprint Not Found RES_SMD_0603
Add Component: Footprint Not Found RES_SMD_0603
Add Component: Footprint Not Found RES_SMD_0603
Add Component: Footprint Not Found RES_SMD_0402
Add Component: Footprint Not Found RES_SMD_0603
Add Component: Footprint Not Found RES_SMD_0402
Add Component: Footprint Not Found RES_SMD_0402
Added Component: Designator=R19(RES_SMD_0603)
Add component (AddParameter): Name = "ComponentLink1Description"; Value = "datasheet"; VariantName = "[No Variations]"
Add component (AddParameter): Name = "ComponentLink1URL"; Value = "https://www.lcsc.com/product-detail/C105588.html?s_z=n_resistance%2520100%2520ohm"; VariantName = "[No Variations]"
Add Component: Footprint Not Found RES_SMD_0603
Add Component: Footprint Not Found AOZ1282CI
Add Component: Footprint Not Found AMS1117-5.0
Add Component: Footprint Not Found AMS1117-5.0
Add Component: Footprint Not Found AMS1117-5.0
Added Component: Designator=U5(RPA0010A-MFG)
Add component (AddParameter): Name = "Copyright"; Value = "Copyright (C) 2025 Ultra Librarian. All rights reserved."; VariantName = "[No Variations]"
Add component (AddParameter): Name = "Manufacturer_Name"; Value = "Texas Instruments"; VariantName = "[No Variations]"
Add component (AddParameter): Name = "Manufacturer_Part_Number"; Value = "TPS56A37RPAR"; VariantName = "[No Variations]"
Add component (AddParameter): Name = "RefDes"; Value = "RefDes"; VariantName = "[No Variations]"
Add component (AddParameter): Name = "Supplier"; Value = "LCSC"; VariantName = "[No Variations]"
Add component (AddParameter): Name = "Supplier Part Number"; Value = "C22392669"; VariantName = "[No Variations]"
Add component (AddParameter): Name = "TYPE"; Value = "TYPE"; VariantName = "[No Variations]"
Added Component: Designator=U6(UA7810CKTTR)
Add component (AddParameter): Name = "Manufacturer"; Value = "TI"; VariantName = "[No Variations]"
Add component (AddParameter): Name = "Manufacturer Part Number"; Value = "UA7810CKTTR"; VariantName = "[No Variations]"
Add component (AddParameter): Name = "Supplier"; Value = "LCSC"; VariantName = "[No Variations]"
Add component (AddParameter): Name = "Supplier Part Number"; Value = "C131966"; VariantName = "[No Variations]"
Added Pin To Net: NetName=+3V3_MCU Pin=R8-2
Added Net: Name=+3V3_MCU
Added Pin To Net: NetName=+3V3_Sensors Pin=R10-2
Added Net: Name=+3V3_Sensors
Added Pin To Net: NetName=+5V Pin=R6-2
Added Net: Name=+5V
Added Net: Name=+7V
Added Pin To Net: NetName=+10V Pin=J5-1
Added Pin To Net: NetName=+10V Pin=U6-3
Added Net: Name=+10V
Added Pin To Net: NetName=+12V Pin=J6-1
Added Pin To Net: NetName=+12V Pin=L2-2
Added Pin To Net: NetName=+12V Pin=U6-1
Added Net: Name=+12V
Added Net: Name=+Battery
Added Pin To Net: NetName=+VCC Pin=U5-8
Added Net: Name=+VCC
Added Pin To Net: NetName=GND Pin=J5-2
Added Pin To Net: NetName=GND Pin=J5-3
Added Pin To Net: NetName=GND Pin=J5-4
Added Pin To Net: NetName=GND Pin=J6-2
Added Pin To Net: NetName=GND Pin=U5-3
Added Pin To Net: NetName=GND Pin=U5-9
Added Pin To Net: NetName=GND Pin=U6-2
Added Pin To Net: NetName=GND Pin=U6-4
Added Net: Name=GND
Added Net: Name=NetC1_1
Added Net: Name=NetC1_2
Added Net: Name=NetC2_2
Added Net: Name=NetC3_1
Added Net: Name=NetC3_2
Added Pin To Net: NetName=NetC6_2 Pin=R6-1
Added Net: Name=NetC6_2
Added Pin To Net: NetName=NetC9_2 Pin=R8-1
Added Net: Name=NetC9_2
Added Pin To Net: NetName=NetC12_2 Pin=R10-1
Added Net: Name=NetC12_2
Added Pin To Net: NetName=NetC17_2 Pin=U5-5
Added Net: Name=NetC17_2
Added Net: Name=NetC18_1
Added Pin To Net: NetName=NetC18_2 Pin=L2-1
Added Pin To Net: NetName=NetC18_2 Pin=U5-6
Added Net: Name=NetC18_2
Added Pin To Net: NetName=NetC24_1 Pin=R19-1
Added Net: Name=NetC24_1
Added Net: Name=NetC24_2
Added Net: Name=NetF1_1
Added Net: Name=NetJ3_1
Added Net: Name=NetR4_2
Added Pin To Net: NetName=NetR12_1 Pin=U5-1
Added Net: Name=NetR12_1
Added Pin To Net: NetName=NetR14_2 Pin=U5-10
Added Net: Name=NetR14_2
Added Pin To Net: NetName=NetR15_1 Pin=U5-7
Added Net: Name=NetR15_1
Added Pin To Net: NetName=NetR16_1 Pin=U5-4
Added Net: Name=NetR16_1
Added Pin To Net: NetName=NetR17_2 Pin=R19-2
Added Net: Name=NetR17_2
Added Class: Name=Digital_Logic_Power
Added Class: Name=Direct_Battery_Loads
Added Class: Name=Input_and_Protection
Added Class: Name=Motor_Power_and_EMF_Control
Added Rule: Name=Schematic Supply Nets
Added Rule: Name=Schematic Supply Nets_1
Added Rule: Name=Schematic Supply Nets_2
Added Rule: Name=Schematic Supply Nets_3
Added Rule: Name=Schematic Supply Nets_4
Added Rule: Name=Schematic Supply Nets_5
Added Rule: Name=Schematic Supply Nets_6
Added Rule: Name=Schematic Supply Nets_7
Added Rule: Name=Schematic Supply Nets_8
