Added Component: Designator=C7(CAP_10uF)
Add component (AddParameter): Name = "ComponentLink1Description"; Value = "Datasheet"; VariantName = "[No Variations]"
Add component (AddParameter): Name = "ComponentLink1URL"; Value = "https://www.lcsc.com/datasheet/C2168260.pdf"; VariantName = "[No Variations]"
Add component (AddParameter): Name = "manufacturer"; Value = "TDK"; VariantName = "[No Variations]"
Add component (AddParameter): Name = "manufacturer part number"; Value = "CGA5L1X7R1E106K160AC"; VariantName = "[No Variations]"
Add component (AddParameter): Name = "supplier"; Value = "LCSC"; VariantName = "[No Variations]"
Add component (AddParameter): Name = "supplier part number"; Value = "C2168260"; VariantName = "[No Variations]"
Add component (AddParameter): Name = "value"; Value = "10uf"; VariantName = "[No Variations]"
Added Component: Designator=C9(CAP_22uF)
Add component (AddParameter): Name = "ComponentLink1Description"; Value = "Datasheet"; VariantName = "[No Variations]"
Add component (AddParameter): Name = "ComponentLink1URL"; Value = "https://www.lcsc.com/datasheet/C602037.pdf"; VariantName = "[No Variations]"
Add component (AddParameter): Name = "manufacturer"; Value = "Samsung Electro-Mechanics"; VariantName = "[No Variations]"
Add component (AddParameter): Name = "manufacturer part number"; Value = "CL21A226MAYNNNE"; VariantName = "[No Variations]"
Add component (AddParameter): Name = "supplier"; Value = "LCSC"; VariantName = "[No Variations]"
Add component (AddParameter): Name = "supplier part number"; Value = "C602037"; VariantName = "[No Variations]"
Add component (AddParameter): Name = "Value"; Value = "22uF"; VariantName = "[No Variations]"
Added Component: Designator=C11(CAP_10uF)
Add component (AddParameter): Name = "ComponentLink1Description"; Value = "Datasheet"; VariantName = "[No Variations]"
Add component (AddParameter): Name = "ComponentLink1URL"; Value = "https://www.lcsc.com/datasheet/C2168260.pdf"; VariantName = "[No Variations]"
Add component (AddParameter): Name = "manufacturer"; Value = "TDK"; VariantName = "[No Variations]"
Add component (AddParameter): Name = "manufacturer part number"; Value = "CGA5L1X7R1E106K160AC"; VariantName = "[No Variations]"
Add component (AddParameter): Name = "supplier"; Value = "LCSC"; VariantName = "[No Variations]"
Add component (AddParameter): Name = "supplier part number"; Value = "C2168260"; VariantName = "[No Variations]"
Add component (AddParameter): Name = "value"; Value = "10uf"; VariantName = "[No Variations]"
Added Pin To Net: NetName=GND Pin=C7-1
Added Pin To Net: NetName=+5V Pin=C7-2
Added Pin To Net: NetName=GND Pin=C9-1
Added Pin To Net: NetName=NetC9_2 Pin=C9-2
Added Pin To Net: NetName=GND Pin=C11-1
Added Pin To Net: NetName=+7V Pin=C11-2
Added Member To Class: ClassName=Digital_Logic_Power Member=Component C7 10uF
Added Member To Class: ClassName=Digital_Logic_Power Member=Component C9 22uF
Added Member To Class: ClassName=Digital_Logic_Power Member=Component C11 10uF
