Added Component: Designator=Q1(AO4407A)
Add component (AddParameter): Name = "LCSC Link"; Value = "https://www.lcsc.com/product-detail/C16072.html?s_z=n_AO4407A"; VariantName = "[No Variations]"
Add component (AddParameter): Name = "LCSC Part"; Value = "C16072"; VariantName = "[No Variations]"
Add component (AddParameter): Name = "MP"; Value = "AO4407A"; VariantName = "[No Variations]"
Add component (AddParameter): Name = "Package"; Value = "SOIC-8"; VariantName = "[No Variations]"
Add component (AddParameter): Name = "SnapEDA_Link"; Value = "https://www.snapeda.com/parts/AO4407A/Alpha/view-part/?ref=snap"; VariantName = "[No Variations]"
Add Component: Footprint Not Found RPA0010A-MFG
Add Pin To Net: Unknown Pin: Pin L2-1
Add Pin To Net: Unknown Pin: Pin L2-2
Added Pin To Net: NetName=+VCC Pin=Q1-1
Added Pin To Net: NetName=+VCC Pin=Q1-2
Added Pin To Net: NetName=+VCC Pin=Q1-3
Added Pin To Net: NetName=NetC1_1 Pin=Q1-4
Added Pin To Net: NetName=NetF1_1 Pin=Q1-5
Added Pin To Net: NetName=NetF1_1 Pin=Q1-6
Added Pin To Net: NetName=NetF1_1 Pin=Q1-7
Added Pin To Net: NetName=NetF1_1 Pin=Q1-8
Add Pin To Net: Unknown Pin: Pin U5-1
Add Pin To Net: Unknown Pin: Pin U5-3
Add Pin To Net: Unknown Pin: Pin U5-4
Add Pin To Net: Unknown Pin: Pin U5-5
Add Pin To Net: Unknown Pin: Pin U5-6
Add Pin To Net: Unknown Pin: Pin U5-7
Add Pin To Net: Unknown Pin: Pin U5-8
Add Pin To Net: Unknown Pin: Pin U5-9
Add Pin To Net: Unknown Pin: Pin U5-10
Add Pin To Net: Unknown Pin: Pin U6-1
Add Pin To Net: Unknown Pin: Pin U6-2
Add Pin To Net: Unknown Pin: Pin U6-3
Add Pin To Net: Unknown Pin: Pin U6-4
Add Class Member: Failed to add class member : Component L2 IND_5.6uH
Added Member To Class: ClassName=Input_and_Protection Member=Component Q1 AO4407A
Add Class Member: Failed to add class member : Component U5 TPS56A37RPAR
Add Class Member: Failed to add class member : Component U6 UA7810CKTTR LDO
