Add Component: Footprint Not Found CAPC1005X55N
Add Component: Footprint Not Found CAPC1005X55N
Add Component: Footprint Not Found CAPC1005X55N
Add Component: Footprint Not Found MOTOR_PWR_UNIV_FOOTPRINT
Add Component: Footprint Not Found inductor5.6uH
Add Component: Footprint Not Found AO4407A
Add Component: Footprint Not Found RPA0010A-MFG
Add Component: Footprint Not Found UA7810CKTTR
Add Pin To Net: Unknown Pin: Pin C16-1
Add Pin To Net: Unknown Pin: Pin C16-2
Add Pin To Net: Unknown Pin: Pin C18-1
Add Pin To Net: Unknown Pin: Pin C18-2
Add Pin To Net: Unknown Pin: Pin C27-1
Add Pin To Net: Unknown Pin: Pin C27-2
Add Pin To Net: Unknown Pin: Pin J6-1
Add Pin To Net: Unknown Pin: Pin J6-2
Add Pin To Net: Unknown Pin: Pin L2-1
Add Pin To Net: Unknown Pin: Pin L2-2
Add Pin To Net: Unknown Pin: Pin Q1-1
Add Pin To Net: Unknown Pin: Pin Q1-2
Add Pin To Net: Unknown Pin: Pin Q1-3
Add Pin To Net: Unknown Pin: Pin Q1-4
Add Pin To Net: Unknown Pin: Pin Q1-5
Add Pin To Net: Unknown Pin: Pin Q1-6
Add Pin To Net: Unknown Pin: Pin Q1-7
Add Pin To Net: Unknown Pin: Pin Q1-8
Add Pin To Net: Unknown Pin: Pin U5-1
Add Pin To Net: Unknown Pin: Pin U5-3
Add Pin To Net: Unknown Pin: Pin U5-4
Add Pin To Net: Unknown Pin: Pin U5-5
Add Pin To Net: Unknown Pin: Pin U5-6
Add Pin To Net: Unknown Pin: Pin U5-7
Add Pin To Net: Unknown Pin: Pin U5-8
Add Pin To Net: Unknown Pin: Pin U5-9
Add Pin To Net: Unknown Pin: Pin U5-10
Add Pin To Net: Unknown Pin: Pin U6-1
Add Pin To Net: Unknown Pin: Pin U6-2
Add Pin To Net: Unknown Pin: Pin U6-3
Add Pin To Net: Unknown Pin: Pin U6-4
Add Class Member: Failed to add class member : Component C16 100nF, 50V
Add Class Member: Failed to add class member : Component C18 100nF, 50V
Add Class Member: Failed to add class member : Component C27 100nF, 50V
Add Class Member: Failed to add class member : Component J6 MOTOR_PWR_UNIV
Add Class Member: Failed to add class member : Component L2 5.6uH
Add Class Member: Failed to add class member : Component Q1 P-MOS
Add Class Member: Failed to add class member : Component U5 TPS56A37RPAR
Add Class Member: Failed to add class member : Component U6 UA7810CKTTR
