Added Component: Designator=J?(MOTOR_PWR_UNIV_FOOTPRINT)
Add Component: Footprint Not Found AO4407A
Add Component: Footprint Not Found RPA0010A-MFG
Added Pin To Net: NetName=+12V Pin=J?-1
Added Pin To Net: NetName=GND Pin=J?-2
Add Pin To Net: Unknown Pin: Pin L2-1
Add Pin To Net: Unknown Pin: Pin L2-2
Add Pin To Net: Unknown Pin: Pin Q1-1
Add Pin To Net: Unknown Pin: Pin Q1-2
Add Pin To Net: Unknown Pin: Pin Q1-3
Add Pin To Net: Unknown Pin: Pin Q1-4
Add Pin To Net: Unknown Pin: Pin Q1-5
Add Pin To Net: Unknown Pin: Pin Q1-6
Add Pin To Net: Unknown Pin: Pin Q1-7
Add Pin To Net: Unknown Pin: Pin Q1-8
Add Pin To Net: Unknown Pin: Pin U5-1
Add Pin To Net: Unknown Pin: Pin U5-3
Add Pin To Net: Unknown Pin: Pin U5-4
Add Pin To Net: Unknown Pin: Pin U5-5
Add Pin To Net: Unknown Pin: Pin U5-6
Add Pin To Net: Unknown Pin: Pin U5-7
Add Pin To Net: Unknown Pin: Pin U5-8
Add Pin To Net: Unknown Pin: Pin U5-9
Add Pin To Net: Unknown Pin: Pin U5-10
Add Pin To Net: Unknown Pin: Pin U6-1
Add Pin To Net: Unknown Pin: Pin U6-2
Add Pin To Net: Unknown Pin: Pin U6-3
Add Pin To Net: Unknown Pin: Pin U6-4
Added Member To Class: ClassName=Motor_Power_and_EMF_Control Member=Component J? MOTOR_PWR_UNIV
Add Class Member: Failed to add class member : Component L2 IND_5.6uH
Add Class Member: Failed to add class member : Component Q1 P-MOS
Add Class Member: Failed to add class member : Component U5 TPS56A37RPAR
Add Class Member: Failed to add class member : Component U6 UA7810CKTTR LDO
