Replace Part C2 CAP_4.7uF in D:\Seasonprep_repo\Season_26_AE_Hardware_Electronics\Power Board 26\Power_Board_Alex_Eagles_26\Digital_Logic_Power.SchDoc with CAP_4.7uF from capacitors.IntLib
Replace Part C3 CAP_100nF in D:\Seasonprep_repo\Season_26_AE_Hardware_Electronics\Power Board 26\Power_Board_Alex_Eagles_26\Digital_Logic_Power.SchDoc with CAP_100nF from capacitors.IntLib
Replace Part C4 CAP_10uF in D:\Seasonprep_repo\Season_26_AE_Hardware_Electronics\Power Board 26\Power_Board_Alex_Eagles_26\Digital_Logic_Power.SchDoc with CAP_10uF from capacitors.IntLib
Replace Part C5 CAP_10uF in D:\Seasonprep_repo\Season_26_AE_Hardware_Electronics\Power Board 26\Power_Board_Alex_Eagles_26\Digital_Logic_Power.SchDoc with CAP_10uF from capacitors.IntLib
Replace Part C6 CAP_22uF in D:\Seasonprep_repo\Season_26_AE_Hardware_Electronics\Power Board 26\Power_Board_Alex_Eagles_26\Digital_Logic_Power.SchDoc with CAP_22uF from capacitors.IntLib
Replace Part C7 CAP_10uF in D:\Seasonprep_repo\Season_26_AE_Hardware_Electronics\Power Board 26\Power_Board_Alex_Eagles_26\Digital_Logic_Power.SchDoc with CAP_10uF from capacitors.IntLib
Replace Part C8 CAP_10uF in D:\Seasonprep_repo\Season_26_AE_Hardware_Electronics\Power Board 26\Power_Board_Alex_Eagles_26\Digital_Logic_Power.SchDoc with CAP_10uF from capacitors.IntLib
Replace Part C9 CAP_22uF in D:\Seasonprep_repo\Season_26_AE_Hardware_Electronics\Power Board 26\Power_Board_Alex_Eagles_26\Digital_Logic_Power.SchDoc with CAP_22uF from capacitors.IntLib
Replace Part C10 CAP_10uF in D:\Seasonprep_repo\Season_26_AE_Hardware_Electronics\Power Board 26\Power_Board_Alex_Eagles_26\Digital_Logic_Power.SchDoc with CAP_10uF from capacitors.IntLib
Replace Part C11 CAP_10uF in D:\Seasonprep_repo\Season_26_AE_Hardware_Electronics\Power Board 26\Power_Board_Alex_Eagles_26\Digital_Logic_Power.SchDoc with CAP_10uF from capacitors.IntLib
Replace Part C12 CAP_22uF in D:\Seasonprep_repo\Season_26_AE_Hardware_Electronics\Power Board 26\Power_Board_Alex_Eagles_26\Digital_Logic_Power.SchDoc with CAP_22uF from capacitors.IntLib
Replace Part C13 CAP_10uF in D:\Seasonprep_repo\Season_26_AE_Hardware_Electronics\Power Board 26\Power_Board_Alex_Eagles_26\Digital_Logic_Power.SchDoc with CAP_10uF from capacitors.IntLib
Replace Part D2 SMCJ14A in D:\Seasonprep_repo\Season_26_AE_Hardware_Electronics\Power Board 26\Power_Board_Alex_Eagles_26\Digital_Logic_Power.SchDoc with SMCJ14A from Diodes.IntLib
Replace Part J4 JST_GH_V6 in D:\Seasonprep_repo\Season_26_AE_Hardware_Electronics\Power Board 26\Power_Board_Alex_Eagles_26\Digital_Logic_Power.SchDoc with JST_GH_V6 from Connectors.IntLib
Replace Part L1 IND_12.3_22uH in D:\Seasonprep_repo\Season_26_AE_Hardware_Electronics\Power Board 26\Power_Board_Alex_Eagles_26\Digital_Logic_Power.SchDoc with IND_12.3_22uH from inductors.IntLib
Replace Part R3 RES_0402_0R in D:\Seasonprep_repo\Season_26_AE_Hardware_Electronics\Power Board 26\Power_Board_Alex_Eagles_26\Digital_Logic_Power.SchDoc with RES_0402_0R from Resistors_new.IntLib
Replace Part R4 RES_0603_3.9K in D:\Seasonprep_repo\Season_26_AE_Hardware_Electronics\Power Board 26\Power_Board_Alex_Eagles_26\Digital_Logic_Power.SchDoc with RES_0603_3.9K from Resistors_new.IntLib
Replace Part R5 RES_0201_30K in D:\Seasonprep_repo\Season_26_AE_Hardware_Electronics\Power Board 26\Power_Board_Alex_Eagles_26\Digital_Logic_Power.SchDoc with RES_0201_30K from Resistors_new.IntLib
Replace Part R7 RES_0603_300 in D:\Seasonprep_repo\Season_26_AE_Hardware_Electronics\Power Board 26\Power_Board_Alex_Eagles_26\Digital_Logic_Power.SchDoc with RES_0603_300 from Resistors_new.IntLib
Replace Part R9 RES_0603_300 in D:\Seasonprep_repo\Season_26_AE_Hardware_Electronics\Power Board 26\Power_Board_Alex_Eagles_26\Digital_Logic_Power.SchDoc with RES_0603_300 from Resistors_new.IntLib
Replace Part R11 RES_0603_300 in D:\Seasonprep_repo\Season_26_AE_Hardware_Electronics\Power Board 26\Power_Board_Alex_Eagles_26\Digital_Logic_Power.SchDoc with RES_0603_300 from Resistors_new.IntLib
