Replace Part C14 CAP_10uF in D:\Seasonprep_repo\Season_26_AE_Hardware_Electronics\Power Board 26\Power_Board_Alex_Eagles_26\Motor_Power_and_EMF_Control.SchDoc with CAP_10uF from capacitors.IntLib
Replace Part C15 CAP_10uF in D:\Seasonprep_repo\Season_26_AE_Hardware_Electronics\Power Board 26\Power_Board_Alex_Eagles_26\Motor_Power_and_EMF_Control.SchDoc with CAP_10uF from capacitors.IntLib
Replace Part C16 CAP_0402_0.1UF in D:\Seasonprep_repo\Season_26_AE_Hardware_Electronics\Power Board 26\Power_Board_Alex_Eagles_26\Motor_Power_and_EMF_Control.SchDoc with CAP_0402_0.1UF from capacitors.IntLib
Replace Part C17 CAP_0603_47nf in D:\Seasonprep_repo\Season_26_AE_Hardware_Electronics\Power Board 26\Power_Board_Alex_Eagles_26\Motor_Power_and_EMF_Control.SchDoc with CAP_0603_47nf from capacitors.IntLib
Replace Part C18 CAP_0402_0.1UF in D:\Seasonprep_repo\Season_26_AE_Hardware_Electronics\Power Board 26\Power_Board_Alex_Eagles_26\Motor_Power_and_EMF_Control.SchDoc with CAP_0402_0.1UF from capacitors.IntLib
Replace Part C19 CAP_22uF in D:\Seasonprep_repo\Season_26_AE_Hardware_Electronics\Power Board 26\Power_Board_Alex_Eagles_26\Motor_Power_and_EMF_Control.SchDoc with CAP_22uF from capacitors.IntLib
Replace Part C20 CAP_22uF in D:\Seasonprep_repo\Season_26_AE_Hardware_Electronics\Power Board 26\Power_Board_Alex_Eagles_26\Motor_Power_and_EMF_Control.SchDoc with CAP_22uF from capacitors.IntLib
Replace Part C21 CAP_22uF in D:\Seasonprep_repo\Season_26_AE_Hardware_Electronics\Power Board 26\Power_Board_Alex_Eagles_26\Motor_Power_and_EMF_Control.SchDoc with CAP_22uF from capacitors.IntLib
Replace Part C22 CAP_22uF in D:\Seasonprep_repo\Season_26_AE_Hardware_Electronics\Power Board 26\Power_Board_Alex_Eagles_26\Motor_Power_and_EMF_Control.SchDoc with CAP_22uF from capacitors.IntLib
Replace Part C23 CAP_22uF in D:\Seasonprep_repo\Season_26_AE_Hardware_Electronics\Power Board 26\Power_Board_Alex_Eagles_26\Motor_Power_and_EMF_Control.SchDoc with CAP_22uF from capacitors.IntLib
Replace Part C24 Cap_0603_30pf in D:\Seasonprep_repo\Season_26_AE_Hardware_Electronics\Power Board 26\Power_Board_Alex_Eagles_26\Motor_Power_and_EMF_Control.SchDoc with Cap_0603_30pf from capacitors.IntLib
Replace Part C25 CAP_470uF in D:\Seasonprep_repo\Season_26_AE_Hardware_Electronics\Power Board 26\Power_Board_Alex_Eagles_26\Motor_Power_and_EMF_Control.SchDoc with CAP_470uF from capacitors.IntLib
Replace Part C26 CAP_0603_47nf in D:\Seasonprep_repo\Season_26_AE_Hardware_Electronics\Power Board 26\Power_Board_Alex_Eagles_26\Motor_Power_and_EMF_Control.SchDoc with CAP_0603_47nf from capacitors.IntLib
Replace Part C27 CAP_0402_0.1UF in D:\Seasonprep_repo\Season_26_AE_Hardware_Electronics\Power Board 26\Power_Board_Alex_Eagles_26\Motor_Power_and_EMF_Control.SchDoc with CAP_0402_0.1UF from capacitors.IntLib
Replace Part D3 SMCJ13A in D:\Seasonprep_repo\Season_26_AE_Hardware_Electronics\Power Board 26\Power_Board_Alex_Eagles_26\Motor_Power_and_EMF_Control.SchDoc with SMCJ13A from Diodes.IntLib
Update Managed Component J5 From CMP-2000-07076-2[SM02B-GHS-TB(LF)(SN)] To CMP-2000-07076-2[SM02B-GHS-TB(LF)(SN)] in Motor_Power_and_EMF_Control.SchDoc
Replace Part J6 MOTOR_PWR_UNIV in D:\Seasonprep_repo\Season_26_AE_Hardware_Electronics\Power Board 26\Power_Board_Alex_Eagles_26\Motor_Power_and_EMF_Control.SchDoc with MOTOR_PWR_UNIV from Connectors.IntLib
Replace Part L2 IND_5.6uH in D:\Seasonprep_repo\Season_26_AE_Hardware_Electronics\Power Board 26\Power_Board_Alex_Eagles_26\Motor_Power_and_EMF_Control.SchDoc with IND_5.6uH from inductors.IntLib
Replace Part R12 RES_0603_169K in D:\Seasonprep_repo\Season_26_AE_Hardware_Electronics\Power Board 26\Power_Board_Alex_Eagles_26\Motor_Power_and_EMF_Control.SchDoc with RES_0603_169K from Resistors_new.IntLib
Replace Part R13 RES_0603_36.1K in D:\Seasonprep_repo\Season_26_AE_Hardware_Electronics\Power Board 26\Power_Board_Alex_Eagles_26\Motor_Power_and_EMF_Control.SchDoc with RES_0603_36.1K from Resistors_new.IntLib
Replace Part R14 RES_0603_52.3K in D:\Seasonprep_repo\Season_26_AE_Hardware_Electronics\Power Board 26\Power_Board_Alex_Eagles_26\Motor_Power_and_EMF_Control.SchDoc with RES_0603_52.3K from Resistors_new.IntLib
Replace Part R15 RES_0402_0R in D:\Seasonprep_repo\Season_26_AE_Hardware_Electronics\Power Board 26\Power_Board_Alex_Eagles_26\Motor_Power_and_EMF_Control.SchDoc with RES_0402_0R from Resistors_new.IntLib
Replace Part R16 RES_0603_100K in D:\Seasonprep_repo\Season_26_AE_Hardware_Electronics\Power Board 26\Power_Board_Alex_Eagles_26\Motor_Power_and_EMF_Control.SchDoc with RES_0603_100K from Resistors_new.IntLib
Replace Part R17 RES_0402_0R in D:\Seasonprep_repo\Season_26_AE_Hardware_Electronics\Power Board 26\Power_Board_Alex_Eagles_26\Motor_Power_and_EMF_Control.SchDoc with RES_0402_0R from Resistors_new.IntLib
Replace Part R18 RES_0402_49.9 in D:\Seasonprep_repo\Season_26_AE_Hardware_Electronics\Power Board 26\Power_Board_Alex_Eagles_26\Motor_Power_and_EMF_Control.SchDoc with RES_0402_49.9 from Resistors_new.IntLib
Replace Part R20 RES_0603_20K in D:\Seasonprep_repo\Season_26_AE_Hardware_Electronics\Power Board 26\Power_Board_Alex_Eagles_26\Motor_Power_and_EMF_Control.SchDoc with RES_0603_20K from Resistors_new.IntLib
Replace Part U5 TPS56A37RPAR in D:\Seasonprep_repo\Season_26_AE_Hardware_Electronics\Power Board 26\Power_Board_Alex_Eagles_26\Motor_Power_and_EMF_Control.SchDoc with TPS56A37RPAR from Switching_regulators (1).IntLib
Replace Part U6 UA7810CKTTR in D:\Seasonprep_repo\Season_26_AE_Hardware_Electronics\Power Board 26\Power_Board_Alex_Eagles_26\Motor_Power_and_EMF_Control.SchDoc with UA7810CKTTR from LDOs.IntLib
